2024-12-15 18:15:39,788 - INFO - Выполнение process_args с параметрами args: (23, 'testing', 3, True), kwargs: {}
2024-12-15 18:15:39,788 - INFO - Полученные аргументы: number=23, text="testing", repeat=3
2024-12-15 18:15:39,788 - INFO - process_args выполнено успешно за 0.0 секунд. Результат: Число: 23, Строка: testing testing testing
2024-12-15 18:15:58,169 - INFO - Выполнение process_args с параметрами args: (23, 'testing', 1, True), kwargs: {}
2024-12-15 18:15:58,169 - INFO - Полученные аргументы: number=23, text="testing", repeat=1
2024-12-15 18:15:58,169 - INFO - process_args выполнено успешно за 0.0 секунд. Результат: Число: 23, Строка: testing
2024-12-15 18:18:05,079 - ERROR - Ошибка при парсинге аргументов: 2
Traceback (most recent call last):
  File "d:\Docs\YandexDisk\Private\PC\Main docs\GeekBrains\Python_WEB\Task_15_The_end\4_zad\Opt_flags.py", line 73, in main
    args = parser.parse_args()
           ^^^^^^^^^^^^^^^^^^^
  File "C:\Users\karar\AppData\Local\Programs\Python\Python312\Lib\argparse.py", line 1891, in parse_args
    args, argv = self.parse_known_args(args, namespace)
                 ^^^^^^^^^^^^^^^^^^^^^^^^^^^^^^^^^^^^^^
  File "C:\Users\karar\AppData\Local\Programs\Python\Python312\Lib\argparse.py", line 1924, in parse_known_args
    namespace, args = self._parse_known_args(args, namespace)
                      ^^^^^^^^^^^^^^^^^^^^^^^^^^^^^^^^^^^^^^^
  File "C:\Users\karar\AppData\Local\Programs\Python\Python312\Lib\argparse.py", line 2164, in _parse_known_args
    self.error(_('the following arguments are required: %s') %
  File "C:\Users\karar\AppData\Local\Programs\Python\Python312\Lib\argparse.py", line 2655, in error
    self.exit(2, _('%(prog)s: error: %(message)s\n') % args)
  File "C:\Users\karar\AppData\Local\Programs\Python\Python312\Lib\argparse.py", line 2642, in exit
    _sys.exit(status)
SystemExit: 2
2024-12-15 18:18:22,527 - INFO - Выполнение process_args с параметрами args: (23, 'testing', 3, True), kwargs: {}
2024-12-15 18:18:22,527 - INFO - Полученные аргументы: number=23, text="testing", repeat=3
2024-12-15 18:18:22,528 - INFO - process_args выполнено успешно за 0.001002 секунд. Результат: Число: 23, Строка: testing testing testing
